0 info it worked if it ends with ok
1 verbose cli [ '/usr/bin/node',
1 verbose cli   '/usr/bin/npm',
1 verbose cli   'install',
1 verbose cli   '-g',
1 verbose cli   'firebase-tools' ]
2 info using npm@2.11.2
3 info using node@v0.12.6
4 verbose node symlink /usr/bin/node
5 verbose install initial load of /usr/lib/package.json
6 verbose readDependencies loading dependencies from /usr/lib/package.json
7 silly cache add args [ 'firebase-tools', null ]
8 verbose cache add spec firebase-tools
9 silly cache add parsed spec { raw: 'firebase-tools',
9 silly cache add   scope: null,
9 silly cache add   name: 'firebase-tools',
9 silly cache add   rawSpec: '',
9 silly cache add   spec: '*',
9 silly cache add   type: 'range' }
10 silly addNamed firebase-tools@*
11 verbose addNamed "*" is a valid semver range for firebase-tools
12 silly addNameRange { name: 'firebase-tools', range: '*', hasData: false }
13 silly mapToRegistry name firebase-tools
14 silly mapToRegistry using default registry
15 silly mapToRegistry registry https://registry.npmjs.org/
16 silly mapToRegistry uri https://registry.npmjs.org/firebase-tools
17 verbose addNameRange registry:https://registry.npmjs.org/firebase-tools not in flight; fetching
18 verbose request uri https://registry.npmjs.org/firebase-tools
19 verbose request no auth needed
20 info attempt registry request try #1 at 13:06:16
21 verbose request id 3559fa81844008fd
22 http request GET https://registry.npmjs.org/firebase-tools
23 http 200 https://registry.npmjs.org/firebase-tools
24 silly get cb [ 200,
24 silly get   { server: 'CouchDB/1.5.0 (Erlang OTP/R16B03)',
24 silly get     etag: '"9Y6VU3TIQ28JY2WIJ9SRK4UL2"',
24 silly get     'content-type': 'application/json',
24 silly get     'cache-control': 'max-age=60',
24 silly get     'content-length': '41988',
24 silly get     'accept-ranges': 'bytes',
24 silly get     date: 'Mon, 13 Jul 2015 18:06:16 GMT',
24 silly get     via: '1.1 varnish',
24 silly get     age: '0',
24 silly get     connection: 'keep-alive',
24 silly get     'x-served-by': 'cache-dfw1821-DFW',
24 silly get     'x-cache': 'MISS',
24 silly get     'x-cache-hits': '0',
24 silly get     'x-timer': 'S1436810776.916602,VS0,VE64',
24 silly get     vary: 'Accept' } ]
25 verbose get saving firebase-tools to /home/matt/.npm/registry.npmjs.org/firebase-tools/.cache.json
26 silly addNameRange number 2 { name: 'firebase-tools', range: '*', hasData: true }
27 silly addNameRange versions [ 'firebase-tools',
27 silly addNameRange   [ '0.0.1',
27 silly addNameRange     '0.0.2',
27 silly addNameRange     '0.0.3',
27 silly addNameRange     '0.0.4',
27 silly addNameRange     '0.0.5',
27 silly addNameRange     '0.0.6',
27 silly addNameRange     '0.1.0',
27 silly addNameRange     '0.1.1',
27 silly addNameRange     '0.1.2',
27 silly addNameRange     '0.1.3',
27 silly addNameRange     '0.1.4',
27 silly addNameRange     '0.1.5',
27 silly addNameRange     '0.1.6',
27 silly addNameRange     '0.2.0',
27 silly addNameRange     '0.3.0',
27 silly addNameRange     '0.4.0',
27 silly addNameRange     '0.5.0',
27 silly addNameRange     '1.0.0',
27 silly addNameRange     '1.0.1',
27 silly addNameRange     '1.0.2',
27 silly addNameRange     '1.0.3',
27 silly addNameRange     '1.0.4',
27 silly addNameRange     '1.0.5',
27 silly addNameRange     '1.0.6',
27 silly addNameRange     '1.1.0',
27 silly addNameRange     '1.1.1',
27 silly addNameRange     '1.1.2',
27 silly addNameRange     '1.1.3',
27 silly addNameRange     '1.1.4',
27 silly addNameRange     '1.1.5',
27 silly addNameRange     '1.1.6',
27 silly addNameRange     '1.2.0' ] ]
28 silly addNamed firebase-tools@1.2.0
29 verbose addNamed "1.2.0" is a plain semver version for firebase-tools
30 silly mapToRegistry name firebase-tools
31 silly mapToRegistry using default registry
32 silly mapToRegistry registry https://registry.npmjs.org/
33 silly mapToRegistry uri https://registry.npmjs.org/firebase-tools
34 verbose addRemoteTarball https://registry.npmjs.org/firebase-tools/-/firebase-tools-1.2.0.tgz not in flight; adding
35 verbose addRemoteTarball [ 'https://registry.npmjs.org/firebase-tools/-/firebase-tools-1.2.0.tgz',
35 verbose addRemoteTarball   'a54068fdd5d04d6299f7554ec55988d396b44274' ]
36 info retry fetch attempt 1 at 13:06:17
37 info attempt registry request try #1 at 13:06:17
38 http fetch GET https://registry.npmjs.org/firebase-tools/-/firebase-tools-1.2.0.tgz
39 http fetch 200 https://registry.npmjs.org/firebase-tools/-/firebase-tools-1.2.0.tgz
40 silly fetchAndShaCheck shasum a54068fdd5d04d6299f7554ec55988d396b44274
41 verbose addTmpTarball /tmp/npm-7916-7cfd3fca/registry.npmjs.org/firebase-tools/-/firebase-tools-1.2.0.tgz not in flight; adding
42 verbose addTmpTarball already have metadata; skipping unpack for firebase-tools@1.2.0
43 silly cache afterAdd firebase-tools@1.2.0
44 verbose afterAdd /home/matt/.npm/firebase-tools/1.2.0/package/package.json not in flight; writing
45 verbose afterAdd /home/matt/.npm/firebase-tools/1.2.0/package/package.json written
46 silly install resolved [ { name: 'firebase-tools',
46 silly install resolved     description: 'Firebase command line tools',
46 silly install resolved     version: '1.2.0',
46 silly install resolved     author:
46 silly install resolved      { name: 'Firebase',
46 silly install resolved        email: 'support@firebase.com',
46 silly install resolved        url: 'https://www.firebase.com/' },
46 silly install resolved     homepage: 'https://github.com/firebase/firebase-tools/',
46 silly install resolved     repository:
46 silly install resolved      { type: 'git',
46 silly install resolved        url: 'https://github.com/firebase/firebase-tools.git' },
46 silly install resolved     bugs: { url: 'https://github.com/firebase/firebase-tools/issues' },
46 silly install resolved     licenses: [ [Object] ],
46 silly install resolved     keywords:
46 silly install resolved      [ 'cdn',
46 silly install resolved        'cli',
46 silly install resolved        'ssl',
46 silly install resolved        'cloud',
46 silly install resolved        'hosting',
46 silly install resolved        'firebase',
46 silly install resolved        'realtime',
46 silly install resolved        'websockets',
46 silly install resolved        'synchronization' ],
46 silly install resolved     preferGlobal: true,
46 silly install resolved     bin: { firebase: './bin/firebase' },
46 silly install resolved     engines: { node: '>=0.10.0' },
46 silly install resolved     engineStrict: true,
46 silly install resolved     files: [ 'bin/**', 'lib/**', 'LICENSE', 'README.md', 'package.json' ],
46 silly install resolved     dependencies:
46 silly install resolved      { chalk: '0.5.x',
46 silly install resolved        filesize: '3.1.2',
46 silly install resolved        firebase: '2.2.x',
46 silly install resolved        'fstream-ignore': '1.0.x',
46 silly install resolved        open: '0.0.x',
46 silly install resolved        optimist: '0.6.x',
46 silly install resolved        progress: '1.1.x',
46 silly install resolved        prompt: '0.2.x',
46 silly install resolved        request: '2.51.x',
46 silly install resolved        'source-map-support': '0.2.7',
46 silly install resolved        'source-processor': '0.0.7',
46 silly install resolved        tar: '1.0.x',
46 silly install resolved        when: '3.6.x' },
46 silly install resolved     devDependencies:
46 silly install resolved      { chai: '^1.10.0',
46 silly install resolved        coveralls: '2.11.2',
46 silly install resolved        gulp: '3.8.10',
46 silly install resolved        'gulp-exit': '0.0.2',
46 silly install resolved        'gulp-istanbul': '0.5.0',
46 silly install resolved        'gulp-jshint': '1.9.0',
46 silly install resolved        'gulp-mocha': '2.0.0',
46 silly install resolved        'jshint-stylish': '1.0.0' },
46 silly install resolved     scripts: { test: 'gulp test', travis: 'gulp' },
46 silly install resolved     gitHead: '539faf6b0871142371ed03af574d2052356fe804',
46 silly install resolved     _id: 'firebase-tools@1.2.0',
46 silly install resolved     _shasum: 'a54068fdd5d04d6299f7554ec55988d396b44274',
46 silly install resolved     _from: 'firebase-tools@*',
46 silly install resolved     _npmVersion: '2.7.5',
46 silly install resolved     _nodeVersion: '0.10.38',
46 silly install resolved     _npmUser: { name: 'firebase', email: 'operations@firebase.com' },
46 silly install resolved     maintainers: [ [Object] ],
46 silly install resolved     dist:
46 silly install resolved      { shasum: 'a54068fdd5d04d6299f7554ec55988d396b44274',
46 silly install resolved        tarball: 'http://registry.npmjs.org/firebase-tools/-/firebase-tools-1.2.0.tgz' },
46 silly install resolved     directories: {},
46 silly install resolved     _resolved: 'https://registry.npmjs.org/firebase-tools/-/firebase-tools-1.2.0.tgz' } ]
47 info install firebase-tools@1.2.0 into /usr/lib
48 info installOne firebase-tools@1.2.0
49 verbose installOne of firebase-tools to /usr/lib not in flight; installing
50 verbose lock using /home/matt/.npm/_locks/firebase-tools-c3a0e5dd3e331157.lock for /usr/lib/node_modules/firebase-tools
51 silly install write writing firebase-tools 1.2.0 to /usr/lib/node_modules/firebase-tools
52 verbose unbuild lib/node_modules/firebase-tools
53 silly gentlyRm /usr/lib/node_modules/firebase-tools is being purged from base /usr
54 verbose gentlyRm don't care about contents; nuking /usr/lib/node_modules/firebase-tools
55 verbose tar unpack /home/matt/.npm/firebase-tools/1.2.0/package.tgz
56 verbose tar unpacking to /usr/lib/node_modules/firebase-tools
57 silly gentlyRm /usr/lib/node_modules/firebase-tools is being purged
58 verbose gentlyRm don't care about contents; nuking /usr/lib/node_modules/firebase-tools
59 silly gunzTarPerm modes [ '775', '664' ]
60 error tar.unpack untar error /home/matt/.npm/firebase-tools/1.2.0/package.tgz
61 verbose unlock done using /home/matt/.npm/_locks/firebase-tools-c3a0e5dd3e331157.lock for /usr/lib/node_modules/firebase-tools
62 verbose fstream_path /usr/lib/node_modules/firebase-tools
63 verbose fstream_type Directory
64 verbose fstream_class DirWriter
65 verbose stack Error: EACCES, mkdir '/usr/lib/node_modules/firebase-tools'
65 verbose stack     at Error (native)
66 verbose fstream_stack /usr/lib/node_modules/npm/node_modules/fstream/lib/dir-writer.js:35:25
66 verbose fstream_stack /usr/lib/node_modules/npm/node_modules/mkdirp/index.js:47:53
66 verbose fstream_stack FSReqWrap.oncomplete (fs.js:95:15)
67 verbose cwd /home/matt/projects/mineralDB
68 error Linux 3.16.0-43-generic
69 error argv "/usr/bin/node" "/usr/bin/npm" "install" "-g" "firebase-tools"
70 error node v0.12.6
71 error npm  v2.11.2
72 error path /usr/lib/node_modules/firebase-tools
73 error code EACCES
74 error errno -13
75 error Error: EACCES, mkdir '/usr/lib/node_modules/firebase-tools'
75 error     at Error (native)
75 error  { [Error: EACCES, mkdir '/usr/lib/node_modules/firebase-tools']
75 error   errno: -13,
75 error   code: 'EACCES',
75 error   path: '/usr/lib/node_modules/firebase-tools',
75 error   fstream_type: 'Directory',
75 error   fstream_path: '/usr/lib/node_modules/firebase-tools',
75 error   fstream_class: 'DirWriter',
75 error   fstream_stack:
75 error    [ '/usr/lib/node_modules/npm/node_modules/fstream/lib/dir-writer.js:35:25',
75 error      '/usr/lib/node_modules/npm/node_modules/mkdirp/index.js:47:53',
75 error      'FSReqWrap.oncomplete (fs.js:95:15)' ] }
76 error Please try running this command again as root/Administrator.
77 verbose exit [ -13, true ]
78 verbose unbuild lib/node_modules/firebase-tools
79 silly gentlyRm /usr/lib/node_modules/firebase-tools is being purged from base /usr
80 verbose gentlyRm don't care about contents; nuking /usr/lib/node_modules/firebase-tools
